  GameApp.cpp
D:\EngineDev\PhotonEngine\PhotonEngineRepo\PhotonEngineRepo\PhotonEnginePrac\PhotonEngine\src\Photon\Application.h(16,35): warning C4251: 'Photon::Application::m_Window': class 'std::unique_ptr<Photon::Window,std::default_delete<_Ty>>' needs to have dll-interface to be used by clients of class 'Photon::Application'
D:\EngineDev\PhotonEngine\PhotonEngineRepo\PhotonEngineRepo\PhotonEnginePrac\PhotonEngine\src\Photon\Application.h(16,35): warning C4251:         with
D:\EngineDev\PhotonEngine\PhotonEngineRepo\PhotonEngineRepo\PhotonEnginePrac\PhotonEngine\src\Photon\Application.h(16,35): warning C4251:         [
D:\EngineDev\PhotonEngine\PhotonEngineRepo\PhotonEngineRepo\PhotonEnginePrac\PhotonEngine\src\Photon\Application.h(16,35): warning C4251:             _Ty=Photon::Window
D:\EngineDev\PhotonEngine\PhotonEngineRepo\PhotonEngineRepo\PhotonEnginePrac\PhotonEngine\src\Photon\Application.h(16,35): warning C4251:         ]
D:\EngineDev\PhotonEngine\PhotonEngineRepo\PhotonEngineRepo\PhotonEnginePrac\PhotonEngine\src\Photon\Application.h(16): message : see declaration of 'std::unique_ptr<Photon::Window,std::default_delete<_Ty>>'
D:\EngineDev\PhotonEngine\PhotonEngineRepo\PhotonEngineRepo\PhotonEnginePrac\PhotonEngine\src\Photon\Application.h(16): message :         with
D:\EngineDev\PhotonEngine\PhotonEngineRepo\PhotonEngineRepo\PhotonEnginePrac\PhotonEngine\src\Photon\Application.h(16): message :         [
D:\EngineDev\PhotonEngine\PhotonEngineRepo\PhotonEngineRepo\PhotonEnginePrac\PhotonEngine\src\Photon\Application.h(16): message :             _Ty=Photon::Window
D:\EngineDev\PhotonEngine\PhotonEngineRepo\PhotonEngineRepo\PhotonEnginePrac\PhotonEngine\src\Photon\Application.h(16): message :         ]
D:\EngineDev\PhotonEngine\PhotonEngineRepo\PhotonEngineRepo\PhotonEnginePrac\PhotonEngine\src\Photon\Log.h(16,54): warning C4251: 'Photon::Log::s_CoreLogger': class 'std::shared_ptr<spdlog::logger>' needs to have dll-interface to be used by clients of class 'Photon::Log'
D:\EngineDev\PhotonEngine\PhotonEngineRepo\PhotonEngineRepo\PhotonEnginePrac\PhotonEngine\vendor\spdlog\include\spdlog\details\registry.h(34): message : see declaration of 'std::shared_ptr<spdlog::logger>'
D:\EngineDev\PhotonEngine\PhotonEngineRepo\PhotonEngineRepo\PhotonEnginePrac\PhotonEngine\src\Photon\Log.h(17,56): warning C4251: 'Photon::Log::s_ClientLogger': class 'std::shared_ptr<spdlog::logger>' needs to have dll-interface to be used by clients of class 'Photon::Log'
D:\EngineDev\PhotonEngine\PhotonEngineRepo\PhotonEngineRepo\PhotonEnginePrac\PhotonEngine\vendor\spdlog\include\spdlog\details\registry.h(34): message : see declaration of 'std::shared_ptr<spdlog::logger>'
  Game.vcxproj -> D:\EngineDev\PhotonEngine\PhotonEngineRepo\PhotonEngineRepo\PhotonEnginePrac\Game\..\bin\Debug-windows-x86_64\Game\Game.exe

Project Performance Summary:
        2 ms  D:\EngineDev\PhotonEngine\PhotonEngineRepo\PhotonEngineRepo\PhotonEnginePrac\PhotonEngine\PhotonEngine.vcxproj   4 calls
                  0 ms  GetTargetPath                              1 calls
                  1 ms  GetNativeManifest                          1 calls
                  1 ms  GetResolvedLinkLibs                        1 calls
                  0 ms  GetCopyToOutputDirectoryItems              1 calls
     3756 ms  D:\EngineDev\PhotonEngine\PhotonEngineRepo\PhotonEngineRepo\PhotonEnginePrac\Game\Game.vcxproj   1 calls
               3756 ms  Build                                      1 calls

Target Performance Summary:
        0 ms  _CheckForInvalidConfigurationAndPlatform   1 calls
        0 ms  PrepareResourceNames                       1 calls
        0 ms  CreateCustomManifestResourceNames          1 calls
        0 ms  AssignTargetPaths                          1 calls
        0 ms  ComputeManifestInputsTargets               1 calls
        0 ms  ComputeResolveLinkObj                      1 calls
        0 ms  ComputeLinkInputsFromProject               1 calls
        0 ms  ComputeCLGeneratedLinkInputs               1 calls
        0 ms  ComputeCLOutputs                           1 calls
        0 ms  ComputeManifestGeneratedLinkerInputs       1 calls
        0 ms  ComputeRCGeneratedLinkInputs               1 calls
        0 ms  ComputeRCOutputs                           1 calls
        0 ms  BeforeLink                                 1 calls
        0 ms  ComputeLegacyManifestEmbedding             1 calls
        0 ms  BuildLinkTraverse                          1 calls
        0 ms  BuildCompile                               1 calls
        0 ms  _BuildCompileAction                        1 calls
        0 ms  AfterBuildCompileEvent                     1 calls
        0 ms  _ResourceCompile                           1 calls
        0 ms  BeforeResourceCompile                      1 calls
        0 ms  _ClCompile                                 1 calls
        0 ms  AfterClCompile                             1 calls
        0 ms  DoLinkOutputFilesMatch                     1 calls
        0 ms  SelectClCompile                            1 calls
        0 ms  PreLinkEvent                               1 calls
        0 ms  _Link                                      1 calls
        0 ms  AfterBuild                                 1 calls
        0 ms  BuildLink                                  1 calls
        0 ms  _BuildLinkAction                           1 calls
        0 ms  PostBuildEvent                             1 calls
        0 ms  PrepareForRun                              1 calls
        0 ms  CopyFilesToOutputDirectory                 1 calls
        0 ms  _CopySourceItemsToOutputDirectory          1 calls
        0 ms  GetCopyToOutputDirectoryXamlAppDefs        1 calls
        0 ms  _Deploy                                    1 calls
        0 ms  _Appverifier                               1 calls
        0 ms  CreateSatelliteAssemblies                  1 calls
        0 ms  _GenerateSatelliteAssemblyInputs           1 calls
        0 ms  _BscMake                                   1 calls
        0 ms  MakeDirsForBscMake                         1 calls
        0 ms  ComputeCLCompileGeneratedSbrFiles          1 calls
        0 ms  _XdcMake                                   1 calls
        0 ms  MakeDirsForXdcMake                         1 calls
        0 ms  ResolvedXDCMake                            1 calls
        0 ms  RegisterOutput                             1 calls
        0 ms  _Manifest                                  1 calls
        0 ms  _ALink                                     1 calls
        0 ms  AfterLink                                  1 calls
        0 ms  MakeDirsForCl                              1 calls
        0 ms  MakeDirsForResourceCompile                 1 calls
        0 ms  ComputeReferenceCLInput                    1 calls
        0 ms  BuildGenerateSourcesTraverse               1 calls
        0 ms  ResolveReferences                          1 calls
        0 ms  ResolveAssemblyReferences                  1 calls
        0 ms  ExpandSDKReferences                        1 calls
        0 ms  ResolveSDKReferences                       1 calls
        0 ms  SetCABuildNativeEnvironmentVariables       1 calls
        0 ms  _CheckWindowsSDKInstalled                  1 calls
        0 ms  SetBuildDefaultEnvironmentVariables        1 calls
        0 ms  BeforeBuildGenerateSources                 1 calls
        0 ms  GetFrameworkPaths                          1 calls
        0 ms  GetTargetPath                              1 calls
        0 ms  GetTargetPathWithTargetPlatformMoniker     1 calls
        0 ms  _RemoveNameMetadataFromProjectReferenceItems   1 calls
        0 ms  PrepareProjectReferences                   1 calls
        0 ms  _SplitProjectReferencesByFileExistence     1 calls
        0 ms  BeforeResolveReferences                    1 calls
        0 ms  _PrepareForReferenceResolution             1 calls
        0 ms  _PrepareForBuild                           1 calls
        0 ms  GetNativeManifest                          1 calls
        0 ms  PreBuildEvent                              1 calls
        0 ms  AfterResolveReferences                     1 calls
        0 ms  Build                                      1 calls
        0 ms  AfterMidl                                  1 calls
        0 ms  ComputeMIDLGeneratedCompileInputs          1 calls
        0 ms  AfterBuildGenerateSourcesEvent             1 calls
        0 ms  _Xsd                                       1 calls
        0 ms  _BuildGenerateSourcesAction                1 calls
        0 ms  AfterBuildGenerateSources                  1 calls
        0 ms  BuildGenerateSources                       1 calls
        0 ms  CopyFileToFolders                          1 calls
        0 ms  BeforeClCompile                            1 calls
        0 ms  ComputeCLInputPDBName                      1 calls
        0 ms  ComputeCustomBuildOutput                   1 calls
        0 ms  SelectCustomBuild                          1 calls
        0 ms  _SelectedFiles                             1 calls
        0 ms  BuildCompileTraverse                       1 calls
        0 ms  _Midl                                      1 calls
        1 ms  _HandlePackageFileConflicts                1 calls
        1 ms  ComputeLinkImportLibraryOutputsForClean    1 calls
        1 ms  FinalizeBuildStatus                        1 calls
        1 ms  MakeDirsForMidl                            1 calls
        1 ms  ComputeLinkSwitches                        1 calls
        1 ms  SetTelemetryEnvironmentVariables           1 calls
        1 ms  ComputeCLCompileGeneratedXDCFiles          1 calls
        1 ms  FixupCLCompileOptions                      1 calls
        1 ms  _CheckForCompileOutputs                    1 calls
        1 ms  GetResolvedWinMD                           1 calls
        1 ms  SplitResourcesByCulture                    1 calls
        1 ms  _GetProjectReferenceTargetFrameworkProperties   1 calls
        1 ms  AssignProjectConfiguration                 1 calls
        1 ms  ComputeReferenceLinkInputs                 1 calls
        1 ms  InitializeBuildStatus                      1 calls
        1 ms  MakeDirsForLink                            1 calls
        1 ms  CustomBuild                                1 calls
        1 ms  GetReferenceAssemblyPaths                  1 calls
        1 ms  AfterResourceCompile                       1 calls
        1 ms  GetResolvedLinkLibs                        1 calls
        5 ms  PrepareForBuild                            1 calls
        5 ms  ResolvedLinkLib                            1 calls
        6 ms  ResolveProjectReferences                   1 calls
        7 ms  GetCopyToOutputDirectoryItems              1 calls
     1288 ms  Link                                       1 calls
     2424 ms  ClCompile                                  1 calls

Task Performance Summary:
        0 ms  Message                                    3 calls
        0 ms  AssignCulture                              1 calls
        0 ms  AssignTargetPath                           6 calls
        0 ms  Touch                                      2 calls
        0 ms  ResolvePackageFileConflicts                1 calls
        0 ms  CheckVCToolsetVersion                      1 calls
        0 ms  ReadLinesFromFile                          1 calls
        0 ms  ResolveNonMSBuildProjectOutput             1 calls
        1 ms  Delete                                     1 calls
        1 ms  SetEnv                                     8 calls
        1 ms  AssignProjectConfiguration                 1 calls
        1 ms  WriteLinesToFile                           1 calls
        1 ms  GetOutOfDateItems                          3 calls
        4 ms  MakeDir                                    9 calls
       12 ms  MSBuild                                    4 calls
     1288 ms  Link                                       1 calls
     2423 ms  CL                                         1 calls
